<?xml version="1.0" encoding="UTF-8"?>
<!-- Generated by org.testng.reporters.JUnitReportReporter -->
<testsuite hostname="PC-ANTUNEZ" failures="0" tests="1" name="com.selenium.test.AnotacionesEjemplo" time="0.016" errors="0" timestamp="2025-07-26T18:50:35 CST" skipped="0">
  <testcase classname="com.selenium.test.AnotacionesEjemplo" name="testBuscarGoogle" time="0.016"/>
</testsuite> <!-- com.selenium.test.AnotacionesEjemplo -->
